Build started 8/3/2012 9:09:07 AM.
     1>Project "C:\SOURCE\Path2CSV\Path2CSV\Path2CSV.vcxproj" on node 2 (build target(s)).
     1>InitializeBuildStatus:
         Creating "Debug\Path2CSV.unsuccessfulbuild" because "AlwaysCreate" was specified.
       ClCompile:
         All outputs are up-to-date.
         C:\Program Files (x86)\Microsoft Visual Studio 10.0\VC\bin\CL.exe /c /ZI /nologo /W3 /WX- /Od /Oy- /D WIN32 /D _DEBUG /D _CONSOLE /Gm /EHsc /RTC1 /MDd /GS /fp:precise /Zc:wchar_t /Zc:forScope /Yu"StdAfx.h" /Fp"Debug\Path2CSV.pch" /Fo"Debug\\" /Fd"Debug\vc100.pdb" /Gd /TP /analyze- /errorReport:prompt Path2CSV.cpp
         Path2CSV.cpp
       ManifestResourceCompile:
         All outputs are up-to-date.
       Link:
         C:\Program Files (x86)\Microsoft Visual Studio 10.0\VC\bin\link.exe /ERRORREPORT:PROMPT /OUT:"C:\SOURCE\Path2CSV\Debug\Path2CSV.exe" /INCREMENTAL /NOLOGO kernel32.lib user32.lib gdi32.lib winspool.lib comdlg32.lib advapi32.lib shell32.lib ole32.lib oleaut32.lib uuid.lib odbc32.lib odbccp32.lib /MANIFEST /ManifestFile:"Debug\Path2CSV.exe.intermediate.manifest" /MANIFESTUAC:"level='asInvoker' uiAccess='false'" /DEBUG /PDB:"C:\SOURCE\Path2CSV\Debug\Path2CSV.pdb" /SUBSYSTEM:CONSOLE /TLBID:1 /DYNAMICBASE /NXCOMPAT /IMPLIB:"C:\SOURCE\Path2CSV\Debug\Path2CSV.lib" /MACHINE:X86 Debug\Path2CSV.exe.embed.manifest.res
         Debug\Path2CSV.obj
         Debug\stdafx.obj
         ..\external\VoyagerFileAccess.lib
       Manifest:
         C:\Program Files (x86)\Microsoft SDKs\Windows\v7.0A\bin\mt.exe /nologo /verbose /out:"Debug\Path2CSV.exe.embed.manifest" /manifest Debug\Path2CSV.exe.intermediate.manifest
         All outputs are up-to-date.
       LinkEmbedManifest:
         All outputs are up-to-date.
         Path2CSV.vcxproj -> C:\SOURCE\Path2CSV\Debug\Path2CSV.exe
       FinalizeBuildStatus:
         Deleting file "Debug\Path2CSV.unsuccessfulbuild".
         Touching "Debug\Path2CSV.lastbuildstate".
     1>Done Building Project "C:\SOURCE\Path2CSV\Path2CSV\Path2CSV.vcxproj" (build target(s)).

Build succeeded.

Time Elapsed 00:00:01.15
